mode: set
github.com/torutakahashi/bookings/cmd/web/middleware.go:19.45,29.2 3 1
github.com/torutakahashi/bookings/cmd/web/middleware.go:32.50,34.2 1 1
github.com/torutakahashi/bookings/cmd/web/routes.go:12.49,43.2 18 1
github.com/torutakahashi/bookings/cmd/web/main.go:23.13,25.16 2 0
github.com/torutakahashi/bookings/cmd/web/main.go:29.2,37.16 4 0
github.com/torutakahashi/bookings/cmd/web/main.go:25.16,27.3 1 0
github.com/torutakahashi/bookings/cmd/web/main.go:40.18,56.16 10 1
github.com/torutakahashi/bookings/cmd/web/main.go:61.2,69.12 6 1
github.com/torutakahashi/bookings/cmd/web/main.go:56.16,59.3 2 0
